2018-11-27 22:38:57,585 [Worker-1: Loading available Gradle versions] INFO  c.g.t.t.d.PublishedGradleVersions - Gradle version information cache is up-to-date. Trying to read.
2018-11-27 22:39:57,923 [Worker-8: Importing Maven projects] INFO  o.e.m.c.i.l.LifecycleMappingFactory - Using org.eclipse.m2e.jdt.JarLifecycleMapping lifecycle mapping for MavenProject: com.show.admin:scetc-show-videos-admin:0.0.1-SNAPSHOT @ G:\毕业\------\pom.xml.
2018-11-27 22:40:00,437 [Worker-8: Importing Maven projects] WARN  o.e.m.c.i.embedder.EclipseLogger - The POM for com.github.pagehelper:pagehelper-spring-boot-starter:jar:1.2.5 is invalid, transitive dependencies (if any) will not be available, enable debug logging for more details
2018-11-27 22:40:00,658 [Worker-8: Importing Maven projects] INFO  o.e.m.c.i.l.LifecycleMappingFactory - Using NULL lifecycle mapping for MavenProject: com.scetc.show:scetc-show-videos-dev:0.0.1-SNAPSHOT @ G:\毕业\scetc-show-videos-dev\pom.xml.
2018-11-27 22:40:01,106 [Worker-8: Importing Maven projects] INFO  o.e.m.c.i.l.LifecycleMappingFactory - Using org.eclipse.m2e.jdt.JarLifecycleMapping lifecycle mapping for MavenProject: com.scetc.show:scetc-show-videos-dev-commons:0.0.1-SNAPSHOT @ G:\毕业\scetc-show-videos-dev\scetc-show-videos-dev-commons\pom.xml.
2018-11-27 22:40:03,036 [Worker-8: Importing Maven projects] WARN  o.e.m.c.i.embedder.EclipseLogger - The artifact org.apache.commons:commons-io:jar:1.3.2 has been relocated to commons-io:commons-io:jar:1.3.2
2018-11-27 22:40:03,677 [Worker-8: Importing Maven projects] INFO  o.e.m.c.i.l.LifecycleMappingFactory - Using org.eclipse.m2e.jdt.JarLifecycleMapping lifecycle mapping for MavenProject: com.scetc.show:scetc-show-videos-dev-pojo:0.0.1-SNAPSHOT @ G:\毕业\scetc-show-videos-dev\scetc-show-videos-dev-pojo\pom.xml.
2018-11-27 22:40:03,725 [Worker-8: Importing Maven projects] INFO  o.e.m.c.i.p.WorkspaceClassifierResolverManager - Resolving P/scetc-show-videos-dev-commons: com.scetc.show:scetc-show-videos-dev-commons:0.0.1-SNAPSHOT with classifier  to /scetc-show-videos-dev-commons/target/classes
2018-11-27 22:40:04,083 [Worker-8: Importing Maven projects] INFO  o.e.m.c.i.l.LifecycleMappingFactory - Using org.eclipse.m2e.jdt.JarLifecycleMapping lifecycle mapping for MavenProject: com.scetc.show:scetc-show-videos-dev-mapper:0.0.1-SNAPSHOT @ G:\毕业\scetc-show-videos-dev\scetc-show-videos-dev-mapper\pom.xml.
2018-11-27 22:40:04,101 [Worker-8: Importing Maven projects] INFO  o.e.m.c.i.p.WorkspaceClassifierResolverManager - Resolving P/scetc-show-videos-dev-pojo: com.scetc.show:scetc-show-videos-dev-pojo:0.0.1-SNAPSHOT with classifier  to /scetc-show-videos-dev-pojo/target/classes
2018-11-27 22:40:04,102 [Worker-8: Importing Maven projects] INFO  o.e.m.c.i.p.WorkspaceClassifierResolverManager - Resolving P/scetc-show-videos-dev-commons: com.scetc.show:scetc-show-videos-dev-commons:0.0.1-SNAPSHOT with classifier  to /scetc-show-videos-dev-commons/target/classes
2018-11-27 22:40:04,580 [Worker-8: Importing Maven projects] INFO  o.e.m.c.i.l.LifecycleMappingFactory - Using org.eclipse.m2e.jdt.JarLifecycleMapping lifecycle mapping for MavenProject: com.scetc.show:scetc-show-videos-dev-service:0.0.1-SNAPSHOT @ G:\毕业\scetc-show-videos-dev\scetc-show-videos-dev-service\pom.xml.
2018-11-27 22:40:04,602 [Worker-8: Importing Maven projects] INFO  o.e.m.c.i.p.WorkspaceClassifierResolverManager - Resolving P/scetc-show-videos-dev-mapper: com.scetc.show:scetc-show-videos-dev-mapper:0.0.1-SNAPSHOT with classifier  to /scetc-show-videos-dev-mapper/target/classes
2018-11-27 22:40:04,602 [Worker-8: Importing Maven projects] INFO  o.e.m.c.i.p.WorkspaceClassifierResolverManager - Resolving P/scetc-show-videos-dev-pojo: com.scetc.show:scetc-show-videos-dev-pojo:0.0.1-SNAPSHOT with classifier  to /scetc-show-videos-dev-pojo/target/classes
2018-11-27 22:40:04,603 [Worker-8: Importing Maven projects] INFO  o.e.m.c.i.p.WorkspaceClassifierResolverManager - Resolving P/scetc-show-videos-dev-commons: com.scetc.show:scetc-show-videos-dev-commons:0.0.1-SNAPSHOT with classifier  to /scetc-show-videos-dev-commons/target/classes
2018-11-27 22:40:05,270 [Worker-8: Importing Maven projects] INFO  o.e.m.c.i.l.LifecycleMappingFactory - Using org.eclipse.m2e.jdt.JarLifecycleMapping lifecycle mapping for MavenProject: com.scetc.show:scetc-show-videos-mini-api:0.0.1-SNAPSHOT @ G:\毕业\scetc-show-videos-dev\scetc-show-videos-mini-api\pom.xml.
2018-11-27 22:40:05,532 [Worker-8: Importing Maven projects] WARN  o.e.m.c.i.embedder.EclipseLogger - The POM for org.apache.solr:solr-solrj:jar:5.5.5 is invalid, transitive dependencies (if any) will not be available, enable debug logging for more details
2018-11-27 22:40:05,835 [Worker-8: Importing Maven projects] INFO  o.e.m.c.i.p.WorkspaceClassifierResolverManager - Resolving P/scetc-show-videos-dev-service: com.scetc.show:scetc-show-videos-dev-service:0.0.1-SNAPSHOT with classifier  to /scetc-show-videos-dev-service/target/classes
2018-11-27 22:40:05,836 [Worker-8: Importing Maven projects] INFO  o.e.m.c.i.p.WorkspaceClassifierResolverManager - Resolving P/scetc-show-videos-dev-mapper: com.scetc.show:scetc-show-videos-dev-mapper:0.0.1-SNAPSHOT with classifier  to /scetc-show-videos-dev-mapper/target/classes
2018-11-27 22:40:05,837 [Worker-8: Importing Maven projects] INFO  o.e.m.c.i.p.WorkspaceClassifierResolverManager - Resolving P/scetc-show-videos-dev-pojo: com.scetc.show:scetc-show-videos-dev-pojo:0.0.1-SNAPSHOT with classifier  to /scetc-show-videos-dev-pojo/target/classes
2018-11-27 22:40:05,838 [Worker-8: Importing Maven projects] INFO  o.e.m.c.i.p.WorkspaceClassifierResolverManager - Resolving P/scetc-show-videos-dev-commons: com.scetc.show:scetc-show-videos-dev-commons:0.0.1-SNAPSHOT with classifier  to /scetc-show-videos-dev-commons/target/classes
2018-11-27 22:40:11,045 [Worker-8: Importing Maven projects] INFO  o.e.m.j.i.AbstractJavaProjectConfigurator - Adding source folder /scetc-show-videos-dev-commons/src/main/java
2018-11-27 22:40:11,046 [Worker-8: Importing Maven projects] INFO  o.e.m.j.i.AbstractJavaProjectConfigurator - Adding resource folder /scetc-show-videos-dev-commons/src/main/resources
2018-11-27 22:40:11,047 [Worker-8: Importing Maven projects] INFO  o.e.m.j.i.AbstractJavaProjectConfigurator - Adding resource folder /scetc-show-videos-dev-commons/src/main/resources
2018-11-27 22:40:11,047 [Worker-8: Importing Maven projects] INFO  o.e.m.j.i.AbstractJavaProjectConfigurator - Adding source folder /scetc-show-videos-dev-commons/src/test/java
2018-11-27 22:40:11,048 [Worker-8: Importing Maven projects] INFO  o.e.m.j.i.AbstractJavaProjectConfigurator - Adding resource folder /scetc-show-videos-dev-commons/src/test/resources
2018-11-27 22:40:11,048 [Worker-1: Updating Maven Dependencies] INFO  o.e.m.c.i.l.LifecycleMappingFactory - Using org.eclipse.m2e.jdt.JarLifecycleMapping lifecycle mapping for MavenProject: com.scetc.show:scetc-show-videos-mini-api:0.0.1-SNAPSHOT @ G:\毕业\scetc-show-videos-dev\scetc-show-videos-mini-api\pom.xml.
2018-11-27 22:40:11,999 [Worker-1: Updating Maven Dependencies] WARN  o.e.m.c.i.embedder.EclipseLogger - The POM for org.apache.solr:solr-solrj:jar:5.5.5 is invalid, transitive dependencies (if any) will not be available, enable debug logging for more details
2018-11-27 22:40:12,065 [Worker-8: Importing Maven projects] INFO  o.e.m.j.i.AbstractJavaProjectConfigurator - Adding source folder /scetc-show-videos-dev-pojo/src/main/java
2018-11-27 22:40:12,066 [Worker-8: Importing Maven projects] INFO  o.e.m.j.i.AbstractJavaProjectConfigurator - Adding resource folder /scetc-show-videos-dev-pojo/src/main/resources
2018-11-27 22:40:12,066 [Worker-8: Importing Maven projects] INFO  o.e.m.j.i.AbstractJavaProjectConfigurator - Adding resource folder /scetc-show-videos-dev-pojo/src/main/resources
2018-11-27 22:40:12,067 [Worker-8: Importing Maven projects] INFO  o.e.m.j.i.AbstractJavaProjectConfigurator - Adding source folder /scetc-show-videos-dev-pojo/src/test/java
2018-11-27 22:40:12,068 [Worker-8: Importing Maven projects] INFO  o.e.m.j.i.AbstractJavaProjectConfigurator - Adding resource folder /scetc-show-videos-dev-pojo/src/test/resources
2018-11-27 22:40:12,077 [Worker-1: Updating Maven Dependencies] INFO  o.e.m.c.i.p.WorkspaceClassifierResolverManager - Resolving P/scetc-show-videos-dev-service: com.scetc.show:scetc-show-videos-dev-service:0.0.1-SNAPSHOT with classifier  to /scetc-show-videos-dev-service/target/classes
2018-11-27 22:40:12,078 [Worker-1: Updating Maven Dependencies] INFO  o.e.m.c.i.p.WorkspaceClassifierResolverManager - Resolving P/scetc-show-videos-dev-mapper: com.scetc.show:scetc-show-videos-dev-mapper:0.0.1-SNAPSHOT with classifier  to /scetc-show-videos-dev-mapper/target/classes
2018-11-27 22:40:12,078 [Worker-1: Updating Maven Dependencies] INFO  o.e.m.c.i.p.WorkspaceClassifierResolverManager - Resolving P/scetc-show-videos-dev-pojo: com.scetc.show:scetc-show-videos-dev-pojo:0.0.1-SNAPSHOT with classifier  to /scetc-show-videos-dev-pojo/target/classes
2018-11-27 22:40:12,078 [Worker-1: Updating Maven Dependencies] INFO  o.e.m.c.i.p.WorkspaceClassifierResolverManager - Resolving P/scetc-show-videos-dev-commons: com.scetc.show:scetc-show-videos-dev-commons:0.0.1-SNAPSHOT with classifier  to /scetc-show-videos-dev-commons/target/classes
2018-11-27 22:40:12,101 [Worker-3: Check for devtools] WARN  o.e.m.c.i.embedder.EclipseLogger - The artifact org.apache.commons:commons-io:jar:1.3.2 has been relocated to commons-io:commons-io:jar:1.3.2
2018-11-27 22:40:12,673 [Worker-8: Importing Maven projects] INFO  o.e.m.j.i.AbstractJavaProjectConfigurator - Adding source folder /scetc-show-videos-dev-mapper/src/main/java
2018-11-27 22:40:12,674 [Worker-8: Importing Maven projects] INFO  o.e.m.j.i.AbstractJavaProjectConfigurator - Adding resource folder /scetc-show-videos-dev-mapper/src/main/resources
2018-11-27 22:40:12,674 [Worker-8: Importing Maven projects] INFO  o.e.m.j.i.AbstractJavaProjectConfigurator - Adding resource folder /scetc-show-videos-dev-mapper/src/main/resources
2018-11-27 22:40:12,674 [Worker-8: Importing Maven projects] INFO  o.e.m.j.i.AbstractJavaProjectConfigurator - Adding source folder /scetc-show-videos-dev-mapper/src/test/java
2018-11-27 22:40:12,675 [Worker-8: Importing Maven projects] INFO  o.e.m.j.i.AbstractJavaProjectConfigurator - Adding resource folder /scetc-show-videos-dev-mapper/src/test/resources
2018-11-27 22:40:13,129 [Worker-8: Importing Maven projects] INFO  o.e.m.j.i.AbstractJavaProjectConfigurator - Adding source folder /scetc-show-videos-dev-service/src/main/java
2018-11-27 22:40:13,129 [Worker-8: Importing Maven projects] INFO  o.e.m.j.i.AbstractJavaProjectConfigurator - Adding resource folder /scetc-show-videos-dev-service/src/main/resources
2018-11-27 22:40:13,129 [Worker-8: Importing Maven projects] INFO  o.e.m.j.i.AbstractJavaProjectConfigurator - Adding resource folder /scetc-show-videos-dev-service/src/main/resources
2018-11-27 22:40:13,130 [Worker-8: Importing Maven projects] INFO  o.e.m.j.i.AbstractJavaProjectConfigurator - Adding source folder /scetc-show-videos-dev-service/src/test/java
2018-11-27 22:40:13,130 [Worker-8: Importing Maven projects] INFO  o.e.m.j.i.AbstractJavaProjectConfigurator - Adding resource folder /scetc-show-videos-dev-service/src/test/resources
2018-11-27 22:40:13,682 [Worker-8: Importing Maven projects] INFO  o.e.m.j.i.AbstractJavaProjectConfigurator - Adding source folder /scetc-show-videos-mini-api/src/main/java
2018-11-27 22:40:13,682 [Worker-8: Importing Maven projects] INFO  o.e.m.j.i.AbstractJavaProjectConfigurator - Adding resource folder /scetc-show-videos-mini-api/src/main/resources
2018-11-27 22:40:13,682 [Worker-8: Importing Maven projects] INFO  o.e.m.j.i.AbstractJavaProjectConfigurator - Adding resource folder /scetc-show-videos-mini-api/src/main/resources
2018-11-27 22:40:13,683 [Worker-8: Importing Maven projects] INFO  o.e.m.j.i.AbstractJavaProjectConfigurator - Adding source folder /scetc-show-videos-mini-api/src/test/java
2018-11-27 22:40:13,684 [Worker-8: Importing Maven projects] INFO  o.e.m.j.i.AbstractJavaProjectConfigurator - Adding resource folder /scetc-show-videos-mini-api/src/test/resources
2018-11-27 22:40:16,156 [Worker-8: Importing Maven projects] INFO  o.e.m.j.i.AbstractJavaProjectConfigurator - Adding source folder /scetc-show-videos-admin/src/main/java
2018-11-27 22:40:16,157 [Worker-8: Importing Maven projects] INFO  o.e.m.j.i.AbstractJavaProjectConfigurator - Adding resource folder /scetc-show-videos-admin/src/main/resources
2018-11-27 22:40:16,160 [Worker-8: Importing Maven projects] INFO  o.e.m.j.i.AbstractJavaProjectConfigurator - Adding resource folder /scetc-show-videos-admin/src/main/resources
2018-11-27 22:40:16,163 [Worker-8: Importing Maven projects] INFO  o.e.m.j.i.AbstractJavaProjectConfigurator - Adding source folder /scetc-show-videos-admin/src/test/java
2018-11-27 22:40:16,644 [Worker-8: Importing Maven projects] INFO  o.e.m.c.i.p.ProjectConfigurationManager - Imported and configured 7 project(s) in 29 sec
2018-11-27 22:40:17,477 [Worker-8: Updating Maven Project] INFO  o.e.m.c.i.p.ProjectConfigurationManager - Update started
2018-11-27 22:40:19,706 [Worker-8: Updating Maven Project] INFO  o.e.m.c.i.l.LifecycleMappingFactory - Using org.eclipse.m2e.jdt.JarLifecycleMapping lifecycle mapping for MavenProject: com.show.admin:scetc-show-videos-admin:0.0.1-SNAPSHOT @ G:\毕业\------\pom.xml.
2018-11-27 22:40:20,349 [Worker-8: Updating Maven Project] WARN  o.e.m.c.i.embedder.EclipseLogger - The POM for com.github.pagehelper:pagehelper-spring-boot-starter:jar:1.2.5 is invalid, transitive dependencies (if any) will not be available, enable debug logging for more details
2018-11-27 22:40:20,453 [Worker-8: Updating Maven Project] INFO  o.e.m.c.i.l.LifecycleMappingFactory - Using NULL lifecycle mapping for MavenProject: com.scetc.show:scetc-show-videos-dev:0.0.1-SNAPSHOT @ G:\毕业\scetc-show-videos-dev\pom.xml.
2018-11-27 22:40:20,825 [Worker-8: Updating Maven Project] INFO  o.e.m.c.i.l.LifecycleMappingFactory - Using org.eclipse.m2e.jdt.JarLifecycleMapping lifecycle mapping for MavenProject: com.scetc.show:scetc-show-videos-dev-commons:0.0.1-SNAPSHOT @ G:\毕业\scetc-show-videos-dev\scetc-show-videos-dev-commons\pom.xml.
2018-11-27 22:40:21,147 [Worker-8: Updating Maven Project] WARN  o.e.m.c.i.embedder.EclipseLogger - The artifact org.apache.commons:commons-io:jar:1.3.2 has been relocated to commons-io:commons-io:jar:1.3.2
2018-11-27 22:40:21,494 [Worker-8: Updating Maven Project] INFO  o.e.m.c.i.l.LifecycleMappingFactory - Using org.eclipse.m2e.jdt.JarLifecycleMapping lifecycle mapping for MavenProject: com.scetc.show:scetc-show-videos-dev-mapper:0.0.1-SNAPSHOT @ G:\毕业\scetc-show-videos-dev\scetc-show-videos-dev-mapper\pom.xml.
2018-11-27 22:40:21,523 [Worker-8: Updating Maven Project] INFO  o.e.m.c.i.p.WorkspaceClassifierResolverManager - Resolving P/scetc-show-videos-dev-pojo: com.scetc.show:scetc-show-videos-dev-pojo:0.0.1-SNAPSHOT with classifier  to /scetc-show-videos-dev-pojo/target/classes
2018-11-27 22:40:21,523 [Worker-8: Updating Maven Project] INFO  o.e.m.c.i.p.WorkspaceClassifierResolverManager - Resolving P/scetc-show-videos-dev-commons: com.scetc.show:scetc-show-videos-dev-commons:0.0.1-SNAPSHOT with classifier  to /scetc-show-videos-dev-commons/target/classes
2018-11-27 22:40:21,857 [Worker-8: Updating Maven Project] INFO  o.e.m.c.i.l.LifecycleMappingFactory - Using org.eclipse.m2e.jdt.JarLifecycleMapping lifecycle mapping for MavenProject: com.scetc.show:scetc-show-videos-dev-pojo:0.0.1-SNAPSHOT @ G:\毕业\scetc-show-videos-dev\scetc-show-videos-dev-pojo\pom.xml.
2018-11-27 22:40:21,866 [Worker-8: Updating Maven Project] INFO  o.e.m.c.i.p.WorkspaceClassifierResolverManager - Resolving P/scetc-show-videos-dev-commons: com.scetc.show:scetc-show-videos-dev-commons:0.0.1-SNAPSHOT with classifier  to /scetc-show-videos-dev-commons/target/classes
2018-11-27 22:40:22,133 [Worker-8: Updating Maven Project] INFO  o.e.m.c.i.l.LifecycleMappingFactory - Using org.eclipse.m2e.jdt.JarLifecycleMapping lifecycle mapping for MavenProject: com.scetc.show:scetc-show-videos-dev-service:0.0.1-SNAPSHOT @ G:\毕业\scetc-show-videos-dev\scetc-show-videos-dev-service\pom.xml.
2018-11-27 22:40:22,142 [Worker-8: Updating Maven Project] INFO  o.e.m.c.i.p.WorkspaceClassifierResolverManager - Resolving P/scetc-show-videos-dev-mapper: com.scetc.show:scetc-show-videos-dev-mapper:0.0.1-SNAPSHOT with classifier  to /scetc-show-videos-dev-mapper/target/classes
2018-11-27 22:40:22,143 [Worker-8: Updating Maven Project] INFO  o.e.m.c.i.p.WorkspaceClassifierResolverManager - Resolving P/scetc-show-videos-dev-pojo: com.scetc.show:scetc-show-videos-dev-pojo:0.0.1-SNAPSHOT with classifier  to /scetc-show-videos-dev-pojo/target/classes
2018-11-27 22:40:22,143 [Worker-8: Updating Maven Project] INFO  o.e.m.c.i.p.WorkspaceClassifierResolverManager - Resolving P/scetc-show-videos-dev-commons: com.scetc.show:scetc-show-videos-dev-commons:0.0.1-SNAPSHOT with classifier  to /scetc-show-videos-dev-commons/target/classes
2018-11-27 22:40:22,428 [Worker-8: Updating Maven Project] INFO  o.e.m.c.i.l.LifecycleMappingFactory - Using org.eclipse.m2e.jdt.JarLifecycleMapping lifecycle mapping for MavenProject: com.scetc.show:scetc-show-videos-mini-api:0.0.1-SNAPSHOT @ G:\毕业\scetc-show-videos-dev\scetc-show-videos-mini-api\pom.xml.
2018-11-27 22:40:22,464 [Worker-8: Updating Maven Project] WARN  o.e.m.c.i.embedder.EclipseLogger - The POM for org.apache.solr:solr-solrj:jar:5.5.5 is invalid, transitive dependencies (if any) will not be available, enable debug logging for more details
2018-11-27 22:40:22,507 [Worker-8: Updating Maven Project] INFO  o.e.m.c.i.p.WorkspaceClassifierResolverManager - Resolving P/scetc-show-videos-dev-service: com.scetc.show:scetc-show-videos-dev-service:0.0.1-SNAPSHOT with classifier  to /scetc-show-videos-dev-service/target/classes
2018-11-27 22:40:22,507 [Worker-8: Updating Maven Project] INFO  o.e.m.c.i.p.WorkspaceClassifierResolverManager - Resolving P/scetc-show-videos-dev-mapper: com.scetc.show:scetc-show-videos-dev-mapper:0.0.1-SNAPSHOT with classifier  to /scetc-show-videos-dev-mapper/target/classes
2018-11-27 22:40:22,507 [Worker-8: Updating Maven Project] INFO  o.e.m.c.i.p.WorkspaceClassifierResolverManager - Resolving P/scetc-show-videos-dev-pojo: com.scetc.show:scetc-show-videos-dev-pojo:0.0.1-SNAPSHOT with classifier  to /scetc-show-videos-dev-pojo/target/classes
2018-11-27 22:40:22,507 [Worker-8: Updating Maven Project] INFO  o.e.m.c.i.p.WorkspaceClassifierResolverManager - Resolving P/scetc-show-videos-dev-commons: com.scetc.show:scetc-show-videos-dev-commons:0.0.1-SNAPSHOT with classifier  to /scetc-show-videos-dev-commons/target/classes
2018-11-27 22:40:24,431 [Worker-8: Updating Maven Project] INFO  o.e.m.j.i.AbstractJavaProjectConfigurator - Adding source folder /scetc-show-videos-admin/src/main/java
2018-11-27 22:40:24,432 [Worker-8: Updating Maven Project] INFO  o.e.m.j.i.AbstractJavaProjectConfigurator - Adding resource folder /scetc-show-videos-admin/src/main/resources
2018-11-27 22:40:24,434 [Worker-8: Updating Maven Project] INFO  o.e.m.j.i.AbstractJavaProjectConfigurator - Adding resource folder /scetc-show-videos-admin/src/main/resources
2018-11-27 22:40:24,437 [Worker-8: Updating Maven Project] INFO  o.e.m.j.i.AbstractJavaProjectConfigurator - Adding source folder /scetc-show-videos-admin/src/test/java
2018-11-27 22:40:25,106 [Worker-8: Updating Maven Project] INFO  o.e.m.j.i.AbstractJavaProjectConfigurator - Adding source folder /scetc-show-videos-dev-commons/src/main/java
2018-11-27 22:40:25,106 [Worker-8: Updating Maven Project] INFO  o.e.m.j.i.AbstractJavaProjectConfigurator - Adding resource folder /scetc-show-videos-dev-commons/src/main/resources
2018-11-27 22:40:25,107 [Worker-8: Updating Maven Project] INFO  o.e.m.j.i.AbstractJavaProjectConfigurator - Adding resource folder /scetc-show-videos-dev-commons/src/main/resources
2018-11-27 22:40:25,107 [Worker-8: Updating Maven Project] INFO  o.e.m.j.i.AbstractJavaProjectConfigurator - Adding source folder /scetc-show-videos-dev-commons/src/test/java
2018-11-27 22:40:25,107 [Worker-8: Updating Maven Project] INFO  o.e.m.j.i.AbstractJavaProjectConfigurator - Adding resource folder /scetc-show-videos-dev-commons/src/test/resources
2018-11-27 22:40:25,544 [Worker-8: Updating Maven Project] INFO  o.e.m.j.i.AbstractJavaProjectConfigurator - Adding source folder /scetc-show-videos-dev-mapper/src/main/java
2018-11-27 22:40:25,545 [Worker-8: Updating Maven Project] INFO  o.e.m.j.i.AbstractJavaProjectConfigurator - Adding resource folder /scetc-show-videos-dev-mapper/src/main/resources
2018-11-27 22:40:25,545 [Worker-8: Updating Maven Project] INFO  o.e.m.j.i.AbstractJavaProjectConfigurator - Adding resource folder /scetc-show-videos-dev-mapper/src/main/resources
2018-11-27 22:40:25,545 [Worker-8: Updating Maven Project] INFO  o.e.m.j.i.AbstractJavaProjectConfigurator - Adding source folder /scetc-show-videos-dev-mapper/src/test/java
2018-11-27 22:40:25,545 [Worker-8: Updating Maven Project] INFO  o.e.m.j.i.AbstractJavaProjectConfigurator - Adding resource folder /scetc-show-videos-dev-mapper/src/test/resources
2018-11-27 22:40:25,903 [Worker-8: Updating Maven Project] INFO  o.e.m.j.i.AbstractJavaProjectConfigurator - Adding source folder /scetc-show-videos-dev-pojo/src/main/java
2018-11-27 22:40:25,903 [Worker-8: Updating Maven Project] INFO  o.e.m.j.i.AbstractJavaProjectConfigurator - Adding resource folder /scetc-show-videos-dev-pojo/src/main/resources
2018-11-27 22:40:25,903 [Worker-8: Updating Maven Project] INFO  o.e.m.j.i.AbstractJavaProjectConfigurator - Adding resource folder /scetc-show-videos-dev-pojo/src/main/resources
2018-11-27 22:40:25,904 [Worker-8: Updating Maven Project] INFO  o.e.m.j.i.AbstractJavaProjectConfigurator - Adding source folder /scetc-show-videos-dev-pojo/src/test/java
2018-11-27 22:40:25,904 [Worker-8: Updating Maven Project] INFO  o.e.m.j.i.AbstractJavaProjectConfigurator - Adding resource folder /scetc-show-videos-dev-pojo/src/test/resources
2018-11-27 22:40:26,257 [Worker-8: Updating Maven Project] INFO  o.e.m.j.i.AbstractJavaProjectConfigurator - Adding source folder /scetc-show-videos-dev-service/src/main/java
2018-11-27 22:40:26,257 [Worker-8: Updating Maven Project] INFO  o.e.m.j.i.AbstractJavaProjectConfigurator - Adding resource folder /scetc-show-videos-dev-service/src/main/resources
2018-11-27 22:40:26,257 [Worker-8: Updating Maven Project] INFO  o.e.m.j.i.AbstractJavaProjectConfigurator - Adding resource folder /scetc-show-videos-dev-service/src/main/resources
2018-11-27 22:40:26,258 [Worker-8: Updating Maven Project] INFO  o.e.m.j.i.AbstractJavaProjectConfigurator - Adding source folder /scetc-show-videos-dev-service/src/test/java
2018-11-27 22:40:26,258 [Worker-8: Updating Maven Project] INFO  o.e.m.j.i.AbstractJavaProjectConfigurator - Adding resource folder /scetc-show-videos-dev-service/src/test/resources
2018-11-27 22:40:26,792 [Worker-8: Updating Maven Project] INFO  o.e.m.j.i.AbstractJavaProjectConfigurator - Adding source folder /scetc-show-videos-mini-api/src/main/java
2018-11-27 22:40:26,793 [Worker-8: Updating Maven Project] INFO  o.e.m.j.i.AbstractJavaProjectConfigurator - Adding resource folder /scetc-show-videos-mini-api/src/main/resources
2018-11-27 22:40:26,793 [Worker-8: Updating Maven Project] INFO  o.e.m.j.i.AbstractJavaProjectConfigurator - Adding resource folder /scetc-show-videos-mini-api/src/main/resources
2018-11-27 22:40:26,794 [Worker-8: Updating Maven Project] INFO  o.e.m.j.i.AbstractJavaProjectConfigurator - Adding source folder /scetc-show-videos-mini-api/src/test/java
2018-11-27 22:40:26,794 [Worker-8: Updating Maven Project] INFO  o.e.m.j.i.AbstractJavaProjectConfigurator - Adding resource folder /scetc-show-videos-mini-api/src/test/resources
2018-11-27 22:40:28,910 [Worker-8: Updating Maven Project] INFO  o.e.m.c.i.p.ProjectConfigurationManager - Update completed: 11 sec
2018-11-27 22:40:30,431 [Worker-1: Updating Maven Dependencies] INFO  o.e.m.c.i.l.LifecycleMappingFactory - Using org.eclipse.m2e.jdt.JarLifecycleMapping lifecycle mapping for MavenProject: com.scetc.show:scetc-show-videos-mini-api:0.0.1-SNAPSHOT @ G:\毕业\scetc-show-videos-dev\scetc-show-videos-mini-api\pom.xml.
2018-11-27 22:40:30,868 [Worker-7: Building workspace] WARN  o.e.m.c.i.embedder.EclipseLogger - The POM for com.github.pagehelper:pagehelper-spring-boot-starter:jar:1.2.5 is invalid, transitive dependencies (if any) will not be available, enable debug logging for more details
2018-11-27 22:40:31,068 [Worker-1: Updating Maven Dependencies] WARN  o.e.m.c.i.embedder.EclipseLogger - The POM for org.apache.solr:solr-solrj:jar:5.5.5 is invalid, transitive dependencies (if any) will not be available, enable debug logging for more details
2018-11-27 22:40:31,121 [Worker-1: Updating Maven Dependencies] INFO  o.e.m.c.i.p.WorkspaceClassifierResolverManager - Resolving P/scetc-show-videos-dev-service: com.scetc.show:scetc-show-videos-dev-service:0.0.1-SNAPSHOT with classifier  to /scetc-show-videos-dev-service/target/classes
2018-11-27 22:40:31,121 [Worker-1: Updating Maven Dependencies] INFO  o.e.m.c.i.p.WorkspaceClassifierResolverManager - Resolving P/scetc-show-videos-dev-mapper: com.scetc.show:scetc-show-videos-dev-mapper:0.0.1-SNAPSHOT with classifier  to /scetc-show-videos-dev-mapper/target/classes
2018-11-27 22:40:31,122 [Worker-1: Updating Maven Dependencies] INFO  o.e.m.c.i.p.WorkspaceClassifierResolverManager - Resolving P/scetc-show-videos-dev-pojo: com.scetc.show:scetc-show-videos-dev-pojo:0.0.1-SNAPSHOT with classifier  to /scetc-show-videos-dev-pojo/target/classes
2018-11-27 22:40:31,122 [Worker-1: Updating Maven Dependencies] INFO  o.e.m.c.i.p.WorkspaceClassifierResolverManager - Resolving P/scetc-show-videos-dev-commons: com.scetc.show:scetc-show-videos-dev-commons:0.0.1-SNAPSHOT with classifier  to /scetc-show-videos-dev-commons/target/classes
2018-11-27 22:40:31,167 [Worker-7: Building workspace] INFO  o.e.m.c.i.embedder.EclipseLogger - Using 'UTF-8' encoding to copy filtered resources.
2018-11-27 22:40:31,176 [Worker-7: Building workspace] INFO  o.e.m.c.i.embedder.EclipseLogger - Copying 1 resource
2018-11-27 22:40:31,231 [Worker-7: Building workspace] INFO  o.e.m.c.i.embedder.EclipseLogger - Copying 262 resources
2018-11-27 22:40:38,646 [Worker-7: Building workspace] INFO  o.e.m.c.i.embedder.EclipseLogger - Using 'UTF-8' encoding to copy filtered resources.
2018-11-27 22:40:38,646 [Worker-7: Building workspace] INFO  o.e.m.c.i.embedder.EclipseLogger - skip non existing resourceDirectory G:\毕业\------\src\test\resources
2018-11-27 22:40:43,093 [Worker-1: Building workspace] WARN  o.e.m.c.i.embedder.EclipseLogger - The artifact org.apache.commons:commons-io:jar:1.3.2 has been relocated to commons-io:commons-io:jar:1.3.2
2018-11-27 22:40:43,220 [Worker-1: Building workspace] INFO  o.e.m.c.i.embedder.EclipseLogger - Using 'UTF-8' encoding to copy filtered resources.
2018-11-27 22:40:43,221 [Worker-1: Building workspace] INFO  o.e.m.c.i.embedder.EclipseLogger - Copying 0 resource
2018-11-27 22:40:43,221 [Worker-1: Building workspace] INFO  o.e.m.c.i.embedder.EclipseLogger - Copying 0 resource
2018-11-27 22:40:43,225 [Worker-1: Building workspace] INFO  o.e.m.c.i.embedder.EclipseLogger - Using 'UTF-8' encoding to copy filtered resources.
2018-11-27 22:40:43,225 [Worker-1: Building workspace] INFO  o.e.m.c.i.embedder.EclipseLogger - Copying 0 resource
2018-11-27 22:40:43,393 [Worker-4: Check for devtools] WARN  o.e.m.c.i.embedder.EclipseLogger - The POM for org.apache.solr:solr-solrj:jar:5.5.5 is invalid, transitive dependencies (if any) will not be available, enable debug logging for more details
2018-11-27 22:40:43,467 [Worker-4: Check for devtools] INFO  o.e.m.c.i.p.WorkspaceClassifierResolverManager - Resolving P/scetc-show-videos-dev-service: com.scetc.show:scetc-show-videos-dev-service:0.0.1-SNAPSHOT with classifier  to /scetc-show-videos-dev-service/target/classes
2018-11-27 22:40:43,468 [Worker-4: Check for devtools] INFO  o.e.m.c.i.p.WorkspaceClassifierResolverManager - Resolving P/scetc-show-videos-dev-mapper: com.scetc.show:scetc-show-videos-dev-mapper:0.0.1-SNAPSHOT with classifier  to /scetc-show-videos-dev-mapper/target/classes
2018-11-27 22:40:43,468 [Worker-4: Check for devtools] INFO  o.e.m.c.i.p.WorkspaceClassifierResolverManager - Resolving P/scetc-show-videos-dev-pojo: com.scetc.show:scetc-show-videos-dev-pojo:0.0.1-SNAPSHOT with classifier  to /scetc-show-videos-dev-pojo/target/classes
2018-11-27 22:40:43,468 [Worker-4: Check for devtools] INFO  o.e.m.c.i.p.WorkspaceClassifierResolverManager - Resolving P/scetc-show-videos-dev-commons: com.scetc.show:scetc-show-videos-dev-commons:0.0.1-SNAPSHOT with classifier  to /scetc-show-videos-dev-commons/target/classes
2018-11-27 22:40:44,806 [Worker-1: Building workspace] INFO  o.e.m.c.i.p.WorkspaceClassifierResolverManager - Resolving P/scetc-show-videos-dev-pojo: com.scetc.show:scetc-show-videos-dev-pojo:0.0.1-SNAPSHOT with classifier  to /scetc-show-videos-dev-pojo/target/classes
2018-11-27 22:40:44,806 [Worker-1: Building workspace] INFO  o.e.m.c.i.p.WorkspaceClassifierResolverManager - Resolving P/scetc-show-videos-dev-commons: com.scetc.show:scetc-show-videos-dev-commons:0.0.1-SNAPSHOT with classifier  to /scetc-show-videos-dev-commons/target/classes
2018-11-27 22:40:44,865 [Worker-1: Building workspace] INFO  o.e.m.c.i.embedder.EclipseLogger - Using 'UTF-8' encoding to copy filtered resources.
2018-11-27 22:40:44,866 [Worker-1: Building workspace] INFO  o.e.m.c.i.embedder.EclipseLogger - Copying 0 resource
2018-11-27 22:40:44,866 [Worker-1: Building workspace] INFO  o.e.m.c.i.embedder.EclipseLogger - Copying 0 resource
2018-11-27 22:40:44,868 [Worker-1: Building workspace] INFO  o.e.m.c.i.embedder.EclipseLogger - Using 'UTF-8' encoding to copy filtered resources.
2018-11-27 22:40:44,868 [Worker-1: Building workspace] INFO  o.e.m.c.i.embedder.EclipseLogger - Copying 0 resource
2018-11-27 22:40:46,398 [Worker-1: Building workspace] INFO  o.e.m.c.i.p.WorkspaceClassifierResolverManager - Resolving P/scetc-show-videos-dev-commons: com.scetc.show:scetc-show-videos-dev-commons:0.0.1-SNAPSHOT with classifier  to /scetc-show-videos-dev-commons/target/classes
2018-11-27 22:40:46,449 [Worker-1: Building workspace] INFO  o.e.m.c.i.embedder.EclipseLogger - Using 'UTF-8' encoding to copy filtered resources.
2018-11-27 22:40:46,449 [Worker-1: Building workspace] INFO  o.e.m.c.i.embedder.EclipseLogger - Copying 0 resource
2018-11-27 22:40:46,450 [Worker-1: Building workspace] INFO  o.e.m.c.i.embedder.EclipseLogger - Copying 0 resource
2018-11-27 22:40:46,451 [Worker-1: Building workspace] INFO  o.e.m.c.i.embedder.EclipseLogger - Using 'UTF-8' encoding to copy filtered resources.
2018-11-27 22:40:46,451 [Worker-1: Building workspace] INFO  o.e.m.c.i.embedder.EclipseLogger - Copying 0 resource
2018-11-27 22:40:47,405 [Worker-1: Building workspace] INFO  o.e.m.c.i.p.WorkspaceClassifierResolverManager - Resolving P/scetc-show-videos-dev-mapper: com.scetc.show:scetc-show-videos-dev-mapper:0.0.1-SNAPSHOT with classifier  to /scetc-show-videos-dev-mapper/target/classes
2018-11-27 22:40:47,405 [Worker-1: Building workspace] INFO  o.e.m.c.i.p.WorkspaceClassifierResolverManager - Resolving P/scetc-show-videos-dev-pojo: com.scetc.show:scetc-show-videos-dev-pojo:0.0.1-SNAPSHOT with classifier  to /scetc-show-videos-dev-pojo/target/classes
2018-11-27 22:40:47,406 [Worker-1: Building workspace] INFO  o.e.m.c.i.p.WorkspaceClassifierResolverManager - Resolving P/scetc-show-videos-dev-commons: com.scetc.show:scetc-show-videos-dev-commons:0.0.1-SNAPSHOT with classifier  to /scetc-show-videos-dev-commons/target/classes
2018-11-27 22:40:47,592 [Worker-1: Building workspace] INFO  o.e.m.c.i.embedder.EclipseLogger - Using 'UTF-8' encoding to copy filtered resources.
2018-11-27 22:40:47,593 [Worker-1: Building workspace] INFO  o.e.m.c.i.embedder.EclipseLogger - Copying 0 resource
2018-11-27 22:40:47,593 [Worker-1: Building workspace] INFO  o.e.m.c.i.embedder.EclipseLogger - Copying 0 resource
2018-11-27 22:40:47,594 [Worker-1: Building workspace] INFO  o.e.m.c.i.embedder.EclipseLogger - Using 'UTF-8' encoding to copy filtered resources.
2018-11-27 22:40:47,595 [Worker-1: Building workspace] INFO  o.e.m.c.i.embedder.EclipseLogger - Copying 0 resource
2018-11-27 22:40:47,694 [Worker-1: Building workspace] INFO  o.e.m.c.i.embedder.EclipseLogger - Using 'UTF-8' encoding to copy filtered resources.
2018-11-27 22:40:47,695 [Worker-1: Building workspace] INFO  o.e.m.c.i.embedder.EclipseLogger - Copying 1 resource
2018-11-27 22:40:47,778 [Worker-1: Building workspace] INFO  o.e.m.c.i.embedder.EclipseLogger - Copying 10 resources
2018-11-27 22:40:48,114 [Worker-1: Building workspace] INFO  o.e.m.c.i.embedder.EclipseLogger - Using 'UTF-8' encoding to copy filtered resources.
2018-11-27 22:40:48,114 [Worker-1: Building workspace] INFO  o.e.m.c.i.embedder.EclipseLogger - Copying 0 resource
2019-05-25 13:24:27,176 [Worker-1: Loading available Gradle versions] INFO  o.e.b.c.i.u.g.PublishedGradleVersions - Gradle version information cache is out-of-date. Trying to update.
